timestamp: 2015-12-01T09:43:05.245192
CREATE TABLE auth_user(
    id INTEGER PRIMARY KEY AUTOINCREMENT,
    first_name CHAR(128),
    last_name CHAR(128),
    email CHAR(512),
    username CHAR(128),
    password CHAR(512),
    registration_key CHAR(512),
    reset_password_key CHAR(512),
    registration_id CHAR(512)
);
success!
timestamp: 2015-12-01T09:43:05.282791
CREATE TABLE comicbox(
    id INTEGER PRIMARY KEY AUTOINCREMENT,
    user_id INTEGER REFERENCES auth_user (id) ON DELETE CASCADE  ,
    name CHAR(512),
    private CHAR(1),
    created_on TIMESTAMP
);
success!
timestamp: 2015-12-01T09:43:05.317496
CREATE TABLE publisher(
    id INTEGER PRIMARY KEY AUTOINCREMENT,
    user_id INTEGER REFERENCES auth_user (id) ON DELETE CASCADE  ,
    name CHAR(512)
);
success!
timestamp: 2015-12-01T09:43:05.382010
CREATE TABLE comicbook(
    id INTEGER PRIMARY KEY AUTOINCREMENT,
    box_id INTEGER REFERENCES comicbox (id) ON DELETE SET NULL  ,
    title CHAR(512),
    cover CHAR(512),
    issue_number CHAR(512),
    publisher INTEGER REFERENCES publisher (id) ON DELETE CASCADE  ,
    description TEXT
);
success!
timestamp: 2015-12-01T09:43:05.441199
CREATE TABLE artist(
    id INTEGER PRIMARY KEY AUTOINCREMENT,
    user_id INTEGER REFERENCES auth_user (id) ON DELETE CASCADE  ,
    name CHAR(512)
);
success!
timestamp: 2015-12-01T09:43:05.501137
CREATE TABLE comicArtist(
    id INTEGER PRIMARY KEY AUTOINCREMENT,
    comicbook_id INTEGER REFERENCES comicbook (id) ON DELETE CASCADE  ,
    artist_id INTEGER REFERENCES artist (id) ON DELETE CASCADE  
);
success!
timestamp: 2015-12-01T09:43:05.562293
CREATE TABLE writer(
    id INTEGER PRIMARY KEY AUTOINCREMENT,
    user_id INTEGER REFERENCES auth_user (id) ON DELETE CASCADE  ,
    name CHAR(512)
);
success!
timestamp: 2015-12-01T09:43:05.624348
CREATE TABLE comicWriter(
    id INTEGER PRIMARY KEY AUTOINCREMENT,
    comicbook_id INTEGER REFERENCES comicbook (id) ON DELETE CASCADE  ,
    writer_id INTEGER REFERENCES writer (id) ON DELETE CASCADE  
);
success!
